[0mDELETE /orders/5b3ef99dc528fa35a4625a66 [32m200 [0m324.671 ms - 27[0m
[0mDELETE /orders/5b3ef99dc528fa35a4625a66 [32m200 [0m295.857 ms - 27[0m
[0mDELETE /orders/5b3ef99dc528fa35a4625a66 [32m200 [0m253.045 ms - 27[0m
[0mDELETE /orders/5b3ef99dc528fa35a4625a66 [32m200 [0m222.051 ms - 27[0m
[0mGET /orders/ [32m200 [0m242.437 ms - 2947[0m
[0mDELETE /orders/5b3ef9e783d4382d4cd76c8a [32m200 [0m212.170 ms - 27[0m
[0mGET /orders/ [32m200 [0m225.327 ms - 2775[0m
[0mDELETE /orders/5b3ef9e783d4382d4cd76c8a [32m200 [0m211.045 ms - 27[0m
[0mPOST /signup [33m404 [0m16.991 ms - 37[0m
[0mPOST /user [33m404 [0m43.752 ms - 37[0m
[0mPOST /user/signup [32m200 [0m1.689 ms - 26[0m
[0mPOST /user/signup [31m500 [0m29.834 ms - 45[0m
[0mPOST /user/signup [31m500 [0m21.081 ms - 12[0m
[0mPOST /user/signup [31m500 [0m32.761 ms - 12[0m
[0mPOST /user/signup [31m500 [0m23.201 ms - 12[0m
[0mPOST /user/signup [31m500 [0m20.489 ms - 12[0m
[0mPOST /user/signup [31m500 [0m32.163 ms - 12[0m
[0mPOST /user/signup [31m500 [0m22.874 ms - 12[0m
[0mPOST /user/signup [31m500 [0m23.409 ms - 12[0m
[0mPOST /user/signup [32m200 [0m1839.982 ms - 35[0m
[0mPOST /user/login [31m500 [0m1.411 ms - 65[0m
[0mPOST /user/login [31m500 [0m19.968 ms - 65[0m
[0mPOST /user/login [31m500 [0m2.181 ms - 65[0m
[0mPOST /user/login [31m500 [0m20.230 ms - 65[0m
[0mPOST /user/login [31m500 [0m21.116 ms - 65[0m
[0mPOST /user/login [31m500 [0m1.508 ms - 65[0m
[0mPOST /user/login [31m500 [0m27.330 ms - 65[0m
[0mPOST /user/login [31m500 [0m18.805 ms - 65[0m
[0mPOST /user/login [31m500 [0m28.384 ms - 65[0m
[0mPOST /user/login [31m500 [0m20.068 ms - 65[0m
[0mPOST /user/login [31m500 [0m19.918 ms - 68[0m
[0mPOST /user/login [32m200 [0m569.068 ms - 29[0m
[0mPOST /user/login [0m- [0m- ms - -[0m
[0mPOST /user/login [0m- [0m- ms - -[0m
[0mPOST /user/login [32m200 [0m703.945 ms - 29[0m
[0mPOST /user/login [32m200 [0m784.272 ms - 29[0m
[0mPOST /user/login [33m401 [0m574.545 ms - 23[0m
[0mPOST /user/login [33m401 [0m201.888 ms - 23[0m
[0mPOST /user/login [33m401 [0m204.829 ms - 23[0m
[0mPOST /user/login [33m401 [0m306.335 ms - 23[0m
[0mPOST /user/login [32m200 [0m641.162 ms - 251[0m
[0mPOST /user/login [32m200 [0m634.761 ms - 251[0m
[0mPOST /products [31m500 [0m48.860 ms - 1547[0m
[0mPOST /products [33m401 [0m20.445 ms - 21[0m
[0mPOST /products [32m201 [0m433.249 ms - 216[0m
[0mPOST /products [32m201 [0m439.140 ms - 203[0m
[0mDELETE /products/5b4ec5bcb3bd312f1c8cfa6c [32m201 [0m4.904 ms - 61[0m
[0mPOST /products/ [33m401 [0m23.637 ms - 21[0m
[0mPOST /user/login [32m200 [0m1359.678 ms - 251[0m
[0mPOST /products/ [33m401 [0m2.445 ms - 21[0m
[0mPOST /products/ [33m401 [0m21.386 ms - 21[0m
[0mPOST /products/ [33m404 [0m54.601 ms - 37[0m
[0mPOST /products/ [33m404 [0m5.925 ms - 37[0m
[0mPOST /products/ [33m404 [0m18.819 ms - 37[0m
[0mPOST /products/ [33m404 [0m4.127 ms - 37[0m
[0mPOST /products/ [33m404 [0m23.233 ms - 37[0m
[0mPOST /products/ [33m404 [0m5.064 ms - 37[0m
[0mPOST /products/ [33m404 [0m7.026 ms - 37[0m
[0mPOST /products/ [31m500 [0m23.614 ms - 1547[0m
[0mPOST /products/ [31m500 [0m29.509 ms - 47[0m
[0mPOST /products/ [31m500 [0m23.902 ms - 1547[0m
[0mPOST /products/ [31m500 [0m30.608 ms - 1547[0m
[0mPOST /products/ [31m500 [0m17.376 ms - 1547[0m
[0mPOST /products/ [31m500 [0m3.041 ms - 1547[0m
[0mPOST /products/ [31m500 [0m4.012 ms - 1547[0m
[0mPOST /products/ [31m500 [0m23.114 ms - 1547[0m
[0mPOST /products/ [31m500 [0m20.783 ms - 1547[0m
[0mPOST /products/ [31m500 [0m48.794 ms - 1547[0m
[0mPOST /products/ [31m500 [0m326.905 ms - 261[0m
[0mPOST /products/ [32m201 [0m358.517 ms - 220[0m
[0mPOST /products/ [31m500 [0m76.944 ms - 1547[0m
[0mPOST /products/ [33m401 [0m12.955 ms - 21[0m
[0mPOST /products/ [32m201 [0m379.869 ms - 217[0m
[0mPOST /products/ [33m401 [0m1.956 ms - 21[0m
[0mPOST /products/ [31m500 [0m30.816 ms - 1547[0m
[0mPOST /products/ [32m201 [0m339.826 ms - 214[0m
