[0mGET /products [36m304 [0m272.689 ms - -[0m
[0mGET /products [32m200 [0m268.354 ms - 591[0m
[0mGET /products [32m200 [0m230.625 ms - 591[0m
[0mGET /products [36m304 [0m259.443 ms - -[0m
[0mGET /products [36m304 [0m234.958 ms - -[0m
[0mGET /products [36m304 [0m228.939 ms - -[0m
[0mGET /products [32m200 [0m229.972 ms - 2[0m
[0mGET /products [32m200 [0m243.874 ms - 2[0m
[0mGET /products [32m200 [0m230.040 ms - 591[0m
[0mGET /products [32m200 [0m218.182 ms - 2[0m
[0mGET /products [32m200 [0m276.411 ms - 591[0m
[0mGET /products [36m304 [0m233.506 ms - -[0m
[0mGET /products [32m200 [0m235.702 ms - 2[0m
[0mPOST /orders/ [31m500 [0m126.785 ms - 696[0m
[0mPOST /orders/ [31m500 [0m8.636 ms - 696[0m
[0mGET /orders/ [33m404 [0m219.642 ms - 31[0m
[0mGET /products/ [32m200 [0m263.484 ms - 591[0m
[0mGET /orders/ [33m404 [0m232.701 ms - 31[0m
[0mGET /orders/ [33m404 [0m227.593 ms - 31[0m
[0mGET /order/ [33m404 [0m0.454 ms - 37[0m
[0mGET /orders/ [33m404 [0m239.518 ms - 31[0m
[0mGET /orders/ [33m404 [0m217.700 ms - 31[0m
[0mGET /orders/ [33m404 [0m251.888 ms - 31[0m
[0mGET /product/ [33m404 [0m1.105 ms - 37[0m
[0mGET /products/ [32m200 [0m250.834 ms - 591[0m
[0mGET /products/ [32m200 [0m247.616 ms - 591[0m
[0mGET /orders/123 [33m404 [0m1.137 ms - 37[0m
[0mGET /orders [33m404 [0m209.252 ms - 31[0m
[0mPOST /orders [31m500 [0m36.434 ms - 694[0m
[0mGET /products/ [32m200 [0m369.035 ms - 591[0m
[0mPOST /orders/ [32m201 [0m302.584 ms - 92[0m
[0mGET /orders/ [33m404 [0m198.884 ms - 31[0m
[0mGET /orders/ [33m404 [0m235.979 ms - 31[0m
[0mGET /orders/ [33m404 [0m246.095 ms - 31[0m
[0mGET /orders/ [32m200 [0m489.296 ms - 3119[0m
[0mGET /orders/ [32m200 [0m509.471 ms - 3119[0m
[0mPOST /orders/ [32m201 [0m260.061 ms - 92[0m
[0mPOST /orders/ [31m500 [0m11.018 ms - 687[0m
[0mGET /order/5b3b230c2fe35a27943877f0 [33m404 [0m7.152 ms - 37[0m
[0mGET /order/orders/5b3b230c2fe35a27943877f0 [33m404 [0m0.459 ms - 37[0m
[0mGET /order/orders/5b3b230c2fe35a27943877f0 [33m404 [0m4.780 ms - 37[0m
[0mGET /order/5b3b230c2fe35a27943877f0 [33m404 [0m4.079 ms - 37[0m
[0mGET /orders/5b3b230c2fe35a27943877f0 [33m404 [0m0.890 ms - 37[0m
[0mGET /orders/5b3b230c2fe35a27943877f0 [31m500 [0m246.518 ms - 12[0m
[0mGET /orders/5b3b230c2fe35a27943877f0 [31m500 [0m241.924 ms - 21[0m
[0mGET /orders/5b3b230c2fe35a27943877f0 [31m500 [0m232.786 ms - 21[0m
[0mGET /orders/5b3b230c2fe35a27943877f0 [31m500 [0m233.125 ms - 21[0m
[0mGET /orders/5b3b245b205d71440809d9c0 [31m500 [0m224.408 ms - 21[0m
[0mGET /orders/5b3b245b205d71440809d9c0 [31m500 [0m238.798 ms - 21[0m
[0mGET /orders/5b3b245b205d71440809d9c0 [31m500 [0m6.651 ms - 44[0m
[0mGET /orders/5b3b245b205d71440809d9c0 [31m500 [0m235.059 ms - 21[0m
[0mGET /orders/5b3b245b205d71440809d9c0 [31m500 [0m249.653 ms - 21[0m
[0mGET /orders/5b3b245b205d71440809d9c0 [31m500 [0m229.648 ms - 21[0m
[0mGET /orders/5b3ef8f8c528fa35a4625a65 [31m500 [0m240.580 ms - 21[0m
[0mGET /orders/5b3ef8f8c528fa35a4625a65 [31m500 [0m268.245 ms - 21[0m
[0mGET /orders/5b3ef8f8c528fa35a4625a65 [31m500 [0m246.830 ms - 21[0m
[0mGET /orders/5b3ef8f8c528fa35a4625a65 [32m200 [0m227.707 ms - 102[0m
[0mGET /orders/5b3ef8f8c528fa35a4625a65 [32m200 [0m241.747 ms - 196[0m
[0mGET /orders/5b3ef8f8c528fa35a4625a65 [32m200 [0m260.100 ms - 196[0m
[0mPOST /orders/5b3ef8f8c528fa35a4625a65 [33m404 [0m109.789 ms - 37[0m
[0mGET /orders/ [33m404 [0m218.649 ms - 31[0m
[0mGET /orders/ [33m404 [0m215.616 ms - 31[0m
[0mGET /orders/5b3ef8f8c528fa35a4625a65 [32m200 [0m219.494 ms - 196[0m
[0mGET /orders/ [33m404 [0m215.840 ms - 31[0m
[0mGET /orders/ [33m404 [0m215.484 ms - 31[0m
[0mGET /orders/ [33m404 [0m249.967 ms - 32[0m
[0mGET /orders/ [0m- [0m- ms - -[0m
[0mGET /orders/ [32m200 [0m277.319 ms - 3291[0m
[0mDELETE /orders/5b3ef8f8c528fa35a4625a65 [33m404 [0m14.372 ms - 37[0m
[0mDELETE /orders/5b3ef8f8c528fa35a4625a65 [32m200 [0m256.767 ms - 27[0m
[0mDELETE /orders/5b3ef8f8c528fa35a4625a6 [0m- [0m- ms - -[0m
[0mDELETE /orders/5b3ef8f8c528fa35a4625a65 [0m- [0m- ms - -[0m
[0mGET /orders/ [32m200 [0m236.441 ms - 3119[0m
[0mDELETE /orders/5b3ef99dc528fa35a4625a66 [32m200 [0m250.240 ms - 27[0m
[0mDELETE /orders/5b3ef99dc528fa35a4625a66 [32m200 [0m225.144 ms - 27[0m
[0mDELETE /orders/5b3ef99dc528fa35a4625a66 [32m200 [0m231.524 ms - 27[0m
[0mDELETE /orders/5b3ef99dc528fa35a4625a66 [32m200 [0m206.203 ms - 27[0m
[0mDELETE /orders/5b3ef99dc528fa35a4625a66 [32m200 [0m256.502 ms - 27[0m
[0mDELETE /orders/5b3ef99dc528fa35a4625a66 [32m200 [0m295.092 ms - 27[0m
[0mDELETE /orders/5b3ef99dc528fa35a4625a66 [32m200 [0m395.670 ms - 27[0m
[0mDELETE /orders/5b3ef99dc528fa35a4625a66 [32m200 [0m230.802 ms - 27[0m
[0mPOST /user/signup [31m500 [0m54.301 ms - 12[0m
[0mPOST /user/signup [32m200 [0m257.019 ms - 26[0m
[0mPOST /user/signup [32m200 [0m245.865 ms - 26[0m
[0mPOST /user/signup [32m200 [0m281.793 ms - 26[0m
[0mPOST /user/signup [31m500 [0m29.122 ms - 12[0m
[0mPOST /user/signup [0m- [0m- ms - -[0m
[0mPOST /user/signup [32m200 [0m634.693 ms - 26[0m
[0mPOST /user/signup [31m500 [0m39.932 ms - 12[0m
[0mPOST /user/signup [32m200 [0m622.165 ms - 26[0m
[0mPOST /user/signup [31m500 [0m365.711 ms - 462[0m
[0mPOST /user/signup [0m- [0m- ms - -[0m
[0mPOST /user/signup [32m200 [0m1926.527 ms - 35[0m
[0mPOST /user/signup [32m200 [0m518.564 ms - 35[0m
[0mPOST /user/signup [32m200 [0m606.243 ms - 35[0m
[0mPOST /user/signup [32m200 [0m570.518 ms - 256[0m
[0mPOST /user/signup [31m500 [0m390.602 ms - 282[0m
[0mPOST /user/signup [31m500 [0m1483.308 ms - 273[0m
[0mPOST /user/signup [31m500 [0m634.449 ms - 36[0m
[0mPOST /user/signup [32m200 [0m2248.962 ms - 32[0m
[0mPOST /user/signup [32m200 [0m254.759 ms - 32[0m
[0mPOST /user/signup [32m200 [0m228.390 ms - 32[0m
[0mPOST /user/signup [32m200 [0m2122.945 ms - 32[0m
[0mPOST /user/signup [32m200 [0m1913.506 ms - 32[0m
[0mPOST /user/signup [32m200 [0m209.624 ms - 32[0m
[0mPOST /user/signup [32m200 [0m2808.145 ms - 35[0m
[0mPOST /user/signup [32m200 [0m252.349 ms - 32[0m
[0mPOST /user/signup [32m200 [0m1408.117 ms - 35[0m
[0mDELETE /user/signup [32m200 [0m207.799 ms - 26[0m
[0mDELETE /user/signup/5b4d7acf1c0387293cb4c932 [33m404 [0m25.841 ms - 37[0m
[0mDELETE /user/signup/5b4d7acf1c0387293cb4c932 [32m200 [0m2343.967 ms - 134[0m
[0mDELETE /user/signup/nynptel@gmail.com [32m200 [0m2309.286 ms - 134[0m
[0mDELETE /user/signup/nynptel@gmail.com [32m200 [0m260.811 ms - 134[0m
[0mDELETE /user/signup/nynptel@gmail.com [31m500 [0m29.655 ms - 231[0m
